<?xml version="1.0" encoding="UTF-8"?>
<testng-results ignored="0" total="3" passed="3" failed="0" skipped="0">
  <reporter-output>
  </reporter-output>
  <suite started-at="2023-04-17T07:23:02 IST" name="ParallelExecution" finished-at="2023-04-17T07:23:29 IST" duration-ms="27575">
    <groups>
    </groups>
    <test started-at="2023-04-17T07:23:02 IST" name="EdgeTest" finished-at="2023-04-17T07:23:27 IST" duration-ms="25299">
      <class name="sel1.CrossBr">
        <test-method is-config="true" signature="setup(java.lang.String)[pri:0, instance:sel1.CrossBr@75d4a5c2]" started-at="2023-04-17T07:23:02 IST" name="setup" finished-at="2023-04-17T07:23:03 IST" duration-ms="1554" status="PASS">
          <params>
            <param index="0">
              <value>
                <![CDATA[edge]]>
              </value>
            </param>
          </params>
          <reporter-output>
          </reporter-output>
        </test-method> <!-- setup -->
        <test-method signature="petStoreTC1()[pri:0, instance:sel1.CrossBr@75d4a5c2]" started-at="2023-04-17T07:23:03 IST" name="petStoreTC1" finished-at="2023-04-17T07:23:27 IST" duration-ms="23712" status="PASS">
          <reporter-output>
          </reporter-output>
        </test-method> <!-- petStoreTC1 -->
      </class> <!-- sel1.CrossBr -->
    </test> <!-- EdgeTest -->
    <test started-at="2023-04-17T07:23:02 IST" name="ChromeTest" finished-at="2023-04-17T07:23:28 IST" duration-ms="26139">
      <class name="sel1.CrossBr">
        <test-method is-config="true" signature="setup(java.lang.String)[pri:0, instance:sel1.CrossBr@776aec5c]" started-at="2023-04-17T07:23:02 IST" name="setup" finished-at="2023-04-17T07:23:03 IST" duration-ms="1554" status="PASS">
          <params>
            <param index="0">
              <value>
                <![CDATA[chrome]]>
              </value>
            </param>
          </params>
          <reporter-output>
          </reporter-output>
        </test-method> <!-- setup -->
        <test-method signature="petStoreTC1()[pri:0, instance:sel1.CrossBr@776aec5c]" started-at="2023-04-17T07:23:03 IST" name="petStoreTC1" finished-at="2023-04-17T07:23:28 IST" duration-ms="24554" status="PASS">
          <reporter-output>
          </reporter-output>
        </test-method> <!-- petStoreTC1 -->
      </class> <!-- sel1.CrossBr -->
    </test> <!-- ChromeTest -->
    <test started-at="2023-04-17T07:23:02 IST" name="FirefoxTest" finished-at="2023-04-17T07:23:29 IST" duration-ms="27575">
      <class name="sel1.CrossBr">
        <test-method is-config="true" signature="setup(java.lang.String)[pri:0, instance:sel1.CrossBr@35d019a3]" started-at="2023-04-17T07:23:02 IST" name="setup" finished-at="2023-04-17T07:23:05 IST" duration-ms="3378" status="PASS">
          <params>
            <param index="0">
              <value>
                <![CDATA[firefox]]>
              </value>
            </param>
          </params>
          <reporter-output>
          </reporter-output>
        </test-method> <!-- setup -->
        <test-method signature="petStoreTC1()[pri:0, instance:sel1.CrossBr@35d019a3]" started-at="2023-04-17T07:23:05 IST" name="petStoreTC1" finished-at="2023-04-17T07:23:29 IST" duration-ms="24183" status="PASS">
          <reporter-output>
          </reporter-output>
        </test-method> <!-- petStoreTC1 -->
      </class> <!-- sel1.CrossBr -->
    </test> <!-- FirefoxTest -->
  </suite> <!-- ParallelExecution -->
</testng-results>
